2026-04-23 02:04:35 root INFO: Home endpoint accessed
2026-04-23 02:04:45 root INFO: Public endpoint accessed
2026-04-23 02:04:47 root INFO: Public endpoint accessed
2026-04-23 02:05:14 root INFO: Login requested for user: admin1
2026-04-23 02:05:14 root INFO: User admin1 logged in successfully
2026-04-23 02:05:15 root INFO: Login requested for user: admin1
2026-04-23 02:05:15 root INFO: User admin1 logged in successfully
2026-04-23 02:05:24 root INFO: Login requested for user: admin12
2026-04-23 02:05:24 root WARNING: Failed login attempt for user: admin12
2026-04-23 02:05:27 root INFO: Login requested for user: admin12
2026-04-23 02:05:27 root WARNING: Failed login attempt for user: admin12
2026-04-23 02:05:36 root INFO: Login requested for user: admin12
2026-04-23 02:05:36 root WARNING: Failed login attempt for user: admin12
2026-04-23 02:05:39 root INFO: Login requested for user: admin1
2026-04-23 02:05:39 root WARNING: Failed login attempt for user: admin1
2026-04-23 02:05:41 root INFO: Login requested for user: admin1
2026-04-23 02:05:41 root INFO: User admin1 logged in successfully
2026-04-23 02:06:02 root WARNING: Missing or invalid Authorization header
2026-04-23 02:06:23 root INFO: Login requested for user: user1
2026-04-23 02:06:23 root INFO: User user1 logged in successfully
2026-04-23 02:06:26 root WARNING: Access forbidden for user: user1 with role: user
2026-04-23 02:07:42 root INFO: Home endpoint accessed
2026-04-23 02:07:44 root INFO: Home endpoint accessed
2026-04-23 02:07:52 root INFO: Home endpoint accessed
2026-04-23 02:07:57 root INFO: Home endpoint accessed
2026-04-23 02:08:11 root INFO: Home endpoint accessed
2026-04-23 02:08:54 root INFO: Home endpoint accessed
2026-04-23 02:09:45 root INFO: Login requested for user: string
2026-04-23 02:09:45 root WARNING: Failed login attempt for user: string
2026-04-23 02:10:37 root INFO: Login requested for user: string
2026-04-23 02:10:37 root WARNING: Failed login attempt for user: string
2026-04-23 02:14:23 root INFO: Login requested for user: string
2026-04-23 02:14:23 root WARNING: Failed login attempt for user: string
2026-04-23 02:15:51 root INFO: Login requested for user: user1
2026-04-23 02:15:51 root INFO: User user1 logged in successfully
2026-04-23 02:18:55 root INFO: Home endpoint accessed
2026-04-23 02:18:58 root INFO: Home endpoint accessed
2026-04-23 02:19:16 root INFO: Public endpoint accessed
2026-04-23 02:22:33 root INFO: Login requested for user: user1
2026-04-23 02:22:33 root INFO: User user1 logged in successfully
2026-04-23 02:22:43 root WARNING: Access forbidden for user: user1 with role: user
2026-04-23 02:23:26 root INFO: Login requested for user: user1
2026-04-23 02:23:26 root INFO: User user1 logged in successfully
2026-04-23 02:28:46 app INFO: Home endpoint accessed
2026-04-23 02:28:46 app INFO: Home endpoint accessed
2026-04-23 02:28:52 app INFO: Home endpoint accessed
2026-04-23 02:28:52 app INFO: Home endpoint accessed
2026-04-23 02:29:14 app INFO: Home endpoint accessed
2026-04-23 02:29:14 app INFO: Home endpoint accessed
2026-04-23 02:30:58 app INFO: Public endpoint accessed
2026-04-23 02:30:58 app INFO: Public endpoint accessed
2026-04-23 02:32:32 app INFO: Public endpoint accessed
2026-04-23 02:32:38 app INFO: Public endpoint accessed
2026-04-23 02:32:51 app INFO: Public endpoint accessed
2026-04-23 02:32:55 app INFO: Home endpoint accessed
2026-04-23 02:37:15 app INFO: Home endpoint accessed
2026-04-23 02:37:17 app INFO: Home endpoint accessed
2026-04-23 02:37:26 app INFO: Public endpoint accessed
2026-04-23 02:44:27 app INFO: TEST-LOG
2026-04-23 02:47:49 app INFO: Public endpoint accessed
2026-04-23 03:27:20 app INFO: Public endpoint accessed
2026-04-23 03:42:35 app INFO: Home endpoint accessed
2026-04-23 03:42:48 app INFO: Public endpoint accessed
2026-04-23 03:43:09 app INFO: Login requested for user: user1
2026-04-23 03:43:09 app INFO: User user1 logged in successfully
2026-04-23 03:43:17 app INFO: Login requested for user: user1
2026-04-23 03:43:17 app WARNING: Invalid password format: user123!
2026-04-23 03:43:24 app INFO: Login requested for user: user1
2026-04-23 03:43:24 app INFO: User user1 logged in successfully
2026-04-23 03:43:29 app WARNING: Access forbidden for user: user1 with role: user
2026-04-23 03:43:44 app INFO: Login requested for user: admin1
2026-04-23 03:43:44 app INFO: User admin1 logged in successfully
2026-04-23 03:43:49 app WARNING: Missing or invalid Authorization header
2026-04-23 03:48:50 app INFO: Login requested for user: admin1
2026-04-23 03:48:50 app INFO: User admin1 logged in successfully
2026-04-23 03:49:18 app INFO: Login requested for user: admin1
2026-04-23 03:49:18 app INFO: User admin1 logged in successfully
2026-04-23 03:49:30 app INFO: Access granted for user: admin1 with role: admin
2026-04-23 03:49:45 app INFO: Login requested for user: user1
2026-04-23 03:49:45 app INFO: User user1 logged in successfully
2026-04-23 03:49:56 app WARNING: Access forbidden for user: user1 with role: user
